[2021-05-18 05:46:53,854: INFO/MainProcess] beat: Starting...
[2021-05-18 05:46:53,856: WARNING/MainProcess] Reset: Timezone changed from 'Asia/New_York' to 'Asia/Kolkata'
[2021-05-18 05:47:23,872: INFO/MainProcess] Scheduler: Sending due task add_them_now (searchingApp.tasks.add)
[2021-05-18 05:47:53,882: INFO/MainProcess] Scheduler: Sending due task add_them_now (searchingApp.tasks.add)
[2021-05-18 05:48:23,902: INFO/MainProcess] Scheduler: Sending due task add_them_now (searchingApp.tasks.add)
[2021-05-18 05:48:53,923: INFO/MainProcess] Scheduler: Sending due task add_them_now (searchingApp.tasks.add)
[2021-05-18 05:49:23,943: INFO/MainProcess] Scheduler: Sending due task add_them_now (searchingApp.tasks.add)
[2021-05-18 05:49:53,964: INFO/MainProcess] Scheduler: Sending due task add_them_now (searchingApp.tasks.add)
[2021-05-18 05:50:23,986: INFO/MainProcess] Scheduler: Sending due task add_them_now (searchingApp.tasks.add)
[2021-05-18 05:50:53,991: INFO/MainProcess] Scheduler: Sending due task add_them_now (searchingApp.tasks.add)
[2021-05-18 05:51:24,011: INFO/MainProcess] Scheduler: Sending due task add_them_now (searchingApp.tasks.add)
[2021-05-18 05:51:54,032: INFO/MainProcess] Scheduler: Sending due task add_them_now (searchingApp.tasks.add)
[2021-05-18 05:52:24,052: INFO/MainProcess] Scheduler: Sending due task add_them_now (searchingApp.tasks.add)
[2021-05-18 05:52:54,073: INFO/MainProcess] Scheduler: Sending due task add_them_now (searchingApp.tasks.add)
[2021-05-18 05:53:24,094: INFO/MainProcess] Scheduler: Sending due task add_them_now (searchingApp.tasks.add)
[2021-05-18 05:53:54,115: INFO/MainProcess] Scheduler: Sending due task add_them_now (searchingApp.tasks.add)
[2021-05-18 05:54:24,135: INFO/MainProcess] Scheduler: Sending due task add_them_now (searchingApp.tasks.add)
[2021-05-18 05:54:54,151: INFO/MainProcess] Scheduler: Sending due task add_them_now (searchingApp.tasks.add)
[2021-05-18 05:55:24,158: INFO/MainProcess] Scheduler: Sending due task add_them_now (searchingApp.tasks.add)
[2021-05-18 05:55:54,179: INFO/MainProcess] Scheduler: Sending due task add_them_now (searchingApp.tasks.add)
[2021-05-18 05:56:24,197: INFO/MainProcess] Scheduler: Sending due task add_them_now (searchingApp.tasks.add)
[2021-05-18 05:56:54,217: INFO/MainProcess] Scheduler: Sending due task add_them_now (searchingApp.tasks.add)
[2021-05-18 05:57:24,226: INFO/MainProcess] Scheduler: Sending due task add_them_now (searchingApp.tasks.add)
[2021-05-18 05:57:54,246: INFO/MainProcess] Scheduler: Sending due task add_them_now (searchingApp.tasks.add)
[2021-05-18 05:58:24,246: INFO/MainProcess] Scheduler: Sending due task add_them_now (searchingApp.tasks.add)
[2021-05-18 05:58:54,251: INFO/MainProcess] Scheduler: Sending due task add_them_now (searchingApp.tasks.add)
[2021-05-18 05:59:24,255: INFO/MainProcess] Scheduler: Sending due task add_them_now (searchingApp.tasks.add)
[2021-05-18 05:59:54,275: INFO/MainProcess] Scheduler: Sending due task add_them_now (searchingApp.tasks.add)
[2021-05-18 06:00:24,296: INFO/MainProcess] Scheduler: Sending due task add_them_now (searchingApp.tasks.add)
[2021-05-18 06:00:54,316: INFO/MainProcess] Scheduler: Sending due task add_them_now (searchingApp.tasks.add)
[2021-05-18 06:01:24,337: INFO/MainProcess] Scheduler: Sending due task add_them_now (searchingApp.tasks.add)
[2021-05-18 06:01:54,356: INFO/MainProcess] Scheduler: Sending due task add_them_now (searchingApp.tasks.add)
[2021-05-18 06:02:24,377: INFO/MainProcess] Scheduler: Sending due task add_them_now (searchingApp.tasks.add)
[2021-05-18 06:02:54,398: INFO/MainProcess] Scheduler: Sending due task add_them_now (searchingApp.tasks.add)
[2021-05-18 06:03:24,418: INFO/MainProcess] Scheduler: Sending due task add_them_now (searchingApp.tasks.add)
[2021-05-18 06:03:54,438: INFO/MainProcess] Scheduler: Sending due task add_them_now (searchingApp.tasks.add)
[2021-05-18 06:04:24,456: INFO/MainProcess] Scheduler: Sending due task add_them_now (searchingApp.tasks.add)
[2021-05-18 14:53:25,907: INFO/MainProcess] beat: Starting...
[2021-05-18 14:53:26,146: ERROR/MainProcess] beat: Connection error: Error 111 connecting to localhost:6379. Connection refused.. Trying again in 2.0 seconds...
[2021-05-18 14:53:28,149: ERROR/MainProcess] beat: Connection error: Error 111 connecting to localhost:6379. Connection refused.. Trying again in 4.0 seconds...
[2021-05-18 14:53:32,156: ERROR/MainProcess] beat: Connection error: Error 111 connecting to localhost:6379. Connection refused.. Trying again in 6.0 seconds...
[2021-05-18 14:53:38,165: ERROR/MainProcess] beat: Connection error: Error 111 connecting to localhost:6379. Connection refused.. Trying again in 8.0 seconds...
[2021-05-18 14:53:46,175: ERROR/MainProcess] beat: Connection error: Error 111 connecting to localhost:6379. Connection refused.. Trying again in 10.0 seconds...
[2021-05-18 14:53:56,188: ERROR/MainProcess] beat: Connection error: Error 111 connecting to localhost:6379. Connection refused.. Trying again in 12.0 seconds...
[2021-05-18 14:54:08,203: ERROR/MainProcess] beat: Connection error: Error 111 connecting to localhost:6379. Connection refused.. Trying again in 14.0 seconds...
[2021-05-18 19:05:18,007: INFO/MainProcess] beat: Starting...
[2021-05-18 19:05:18,250: INFO/MainProcess] Scheduler: Sending due task add_them_now (searchingApp.tasks.add)
[2021-05-18 19:05:48,262: INFO/MainProcess] Scheduler: Sending due task add_them_now (searchingApp.tasks.add)
[2021-05-18 19:06:18,283: INFO/MainProcess] Scheduler: Sending due task add_them_now (searchingApp.tasks.add)
[2021-05-25 01:52:13,200: INFO/MainProcess] beat: Starting...
[2021-05-25 01:52:13,362: INFO/MainProcess] Scheduler: Sending due task add_them_now (searchingApp.tasks.add)
[2021-05-25 01:52:43,374: INFO/MainProcess] Scheduler: Sending due task add_them_now (searchingApp.tasks.add)
[2021-05-25 01:53:13,394: INFO/MainProcess] Scheduler: Sending due task add_them_now (searchingApp.tasks.add)
[2021-05-25 01:53:43,414: INFO/MainProcess] Scheduler: Sending due task add_them_now (searchingApp.tasks.add)
[2021-05-25 01:54:13,435: INFO/MainProcess] Scheduler: Sending due task add_them_now (searchingApp.tasks.add)
[2021-05-25 01:54:43,455: INFO/MainProcess] Scheduler: Sending due task add_them_now (searchingApp.tasks.add)
[2021-05-25 01:55:13,470: INFO/MainProcess] Scheduler: Sending due task add_them_now (searchingApp.tasks.add)
[2021-05-25 01:55:43,490: INFO/MainProcess] Scheduler: Sending due task add_them_now (searchingApp.tasks.add)
[2021-05-25 01:56:13,511: INFO/MainProcess] Scheduler: Sending due task add_them_now (searchingApp.tasks.add)
[2021-05-25 01:56:43,531: INFO/MainProcess] Scheduler: Sending due task add_them_now (searchingApp.tasks.add)
[2021-05-25 01:57:13,533: INFO/MainProcess] Scheduler: Sending due task add_them_now (searchingApp.tasks.add)
[2021-05-25 01:57:43,534: INFO/MainProcess] Scheduler: Sending due task add_them_now (searchingApp.tasks.add)
[2021-05-25 01:58:13,555: INFO/MainProcess] Scheduler: Sending due task add_them_now (searchingApp.tasks.add)
[2021-05-25 01:58:43,564: INFO/MainProcess] Scheduler: Sending due task add_them_now (searchingApp.tasks.add)
[2021-05-25 01:59:13,584: INFO/MainProcess] Scheduler: Sending due task add_them_now (searchingApp.tasks.add)
[2021-05-25 01:59:43,602: INFO/MainProcess] Scheduler: Sending due task add_them_now (searchingApp.tasks.add)
[2021-05-25 02:00:30,727: INFO/MainProcess] beat: Starting...
[2021-05-25 02:00:30,928: INFO/MainProcess] Scheduler: Sending due task add_them_now (searchingApp.tasks.add)
[2021-05-25 02:01:00,940: INFO/MainProcess] Scheduler: Sending due task add_them_now (searchingApp.tasks.add)
[2021-05-25 02:01:30,960: INFO/MainProcess] Scheduler: Sending due task add_them_now (searchingApp.tasks.add)
[2021-05-25 02:02:00,971: INFO/MainProcess] Scheduler: Sending due task add_them_now (searchingApp.tasks.add)
[2021-05-25 02:02:30,992: INFO/MainProcess] Scheduler: Sending due task add_them_now (searchingApp.tasks.add)
[2021-05-25 02:03:01,012: INFO/MainProcess] Scheduler: Sending due task add_them_now (searchingApp.tasks.add)
[2021-05-25 02:03:30,299: INFO/MainProcess] beat: Starting...
[2021-05-25 02:03:30,311: CRITICAL/MainProcess] beat raised exception <class 'AttributeError'>: AttributeError("'NoneType' object has no attribute 'is_due'",)
Traceback (most recent call last):
  File "/home/jm1shra/.local/lib/python3.6/site-packages/celery/apps/beat.py", line 105, in start_scheduler
    service.start()
  File "/home/jm1shra/.local/lib/python3.6/site-packages/celery/beat.py", line 627, in start
    interval = self.scheduler.tick()
  File "/home/jm1shra/.local/lib/python3.6/site-packages/celery/beat.py", line 325, in tick
    self.populate_heap()
  File "/home/jm1shra/.local/lib/python3.6/site-packages/celery/beat.py", line 299, in populate_heap
    is_due, next_call_delay = entry.is_due()
  File "/home/jm1shra/.local/lib/python3.6/site-packages/celery/beat.py", line 160, in is_due
    return self.schedule.is_due(self.last_run_at)
AttributeError: 'NoneType' object has no attribute 'is_due'
[2021-05-25 02:03:30,492: WARNING/MainProcess] Traceback (most recent call last):
[2021-05-25 02:03:30,492: WARNING/MainProcess] File "/home/jm1shra/.local/bin/celery", line 8, in <module>
[2021-05-25 02:03:30,492: WARNING/MainProcess] sys.exit(main())
[2021-05-25 02:03:30,493: WARNING/MainProcess] File "/home/jm1shra/.local/lib/python3.6/site-packages/celery/__main__.py", line 15, in main
[2021-05-25 02:03:30,493: WARNING/MainProcess] sys.exit(_main())
[2021-05-25 02:03:30,493: WARNING/MainProcess] File "/home/jm1shra/.local/lib/python3.6/site-packages/celery/bin/celery.py", line 213, in main
[2021-05-25 02:03:30,493: WARNING/MainProcess] return celery(auto_envvar_prefix="CELERY")
[2021-05-25 02:03:30,494: WARNING/MainProcess] File "/home/jm1shra/.local/lib/python3.6/site-packages/click/core.py", line 829, in __call__
[2021-05-25 02:03:30,494: WARNING/MainProcess] return self.main(*args, **kwargs)
[2021-05-25 02:03:30,494: WARNING/MainProcess] File "/home/jm1shra/.local/lib/python3.6/site-packages/click/core.py", line 782, in main
[2021-05-25 02:03:30,495: WARNING/MainProcess] rv = self.invoke(ctx)
[2021-05-25 02:03:30,495: WARNING/MainProcess] File "/home/jm1shra/.local/lib/python3.6/site-packages/click/core.py", line 1259, in invoke
[2021-05-25 02:03:30,496: WARNING/MainProcess] return _process_result(sub_ctx.command.invoke(sub_ctx))
[2021-05-25 02:03:30,496: WARNING/MainProcess] File "/home/jm1shra/.local/lib/python3.6/site-packages/click/core.py", line 1066, in invoke
[2021-05-25 02:03:30,497: WARNING/MainProcess] return ctx.invoke(self.callback, **ctx.params)
[2021-05-25 02:03:30,497: WARNING/MainProcess] File "/home/jm1shra/.local/lib/python3.6/site-packages/click/core.py", line 610, in invoke
[2021-05-25 02:03:30,498: WARNING/MainProcess] return callback(*args, **kwargs)
[2021-05-25 02:03:30,498: WARNING/MainProcess] File "/home/jm1shra/.local/lib/python3.6/site-packages/click/decorators.py", line 21, in new_func
[2021-05-25 02:03:30,498: WARNING/MainProcess] return f(get_current_context(), *args, **kwargs)
[2021-05-25 02:03:30,498: WARNING/MainProcess] File "/home/jm1shra/.local/lib/python3.6/site-packages/celery/bin/base.py", line 132, in caller
[2021-05-25 02:03:30,498: WARNING/MainProcess] return f(ctx, *args, **kwargs)
[2021-05-25 02:03:30,498: WARNING/MainProcess] File "/home/jm1shra/.local/lib/python3.6/site-packages/celery/bin/beat.py", line 70, in beat
[2021-05-25 02:03:30,498: WARNING/MainProcess] return beat().run()
[2021-05-25 02:03:30,498: WARNING/MainProcess] File "/home/jm1shra/.local/lib/python3.6/site-packages/celery/apps/beat.py", line 77, in run
[2021-05-25 02:03:30,498: WARNING/MainProcess] self.start_scheduler()
[2021-05-25 02:03:30,498: WARNING/MainProcess] File "/home/jm1shra/.local/lib/python3.6/site-packages/celery/apps/beat.py", line 105, in start_scheduler
[2021-05-25 02:03:30,498: WARNING/MainProcess] service.start()
[2021-05-25 02:03:30,498: WARNING/MainProcess] File "/home/jm1shra/.local/lib/python3.6/site-packages/celery/beat.py", line 627, in start
[2021-05-25 02:03:30,498: WARNING/MainProcess] interval = self.scheduler.tick()
[2021-05-25 02:03:30,498: WARNING/MainProcess] File "/home/jm1shra/.local/lib/python3.6/site-packages/celery/beat.py", line 325, in tick
[2021-05-25 02:03:30,499: WARNING/MainProcess] self.populate_heap()
[2021-05-25 02:03:30,499: WARNING/MainProcess] File "/home/jm1shra/.local/lib/python3.6/site-packages/celery/beat.py", line 299, in populate_heap
[2021-05-25 02:03:30,499: WARNING/MainProcess] is_due, next_call_delay = entry.is_due()
[2021-05-25 02:03:30,499: WARNING/MainProcess] File "/home/jm1shra/.local/lib/python3.6/site-packages/celery/beat.py", line 160, in is_due
[2021-05-25 02:03:30,499: WARNING/MainProcess] return self.schedule.is_due(self.last_run_at)
[2021-05-25 02:03:30,499: WARNING/MainProcess] AttributeError
[2021-05-25 02:03:30,499: WARNING/MainProcess] :
[2021-05-25 02:03:30,499: WARNING/MainProcess] 'NoneType' object has no attribute 'is_due'
[2021-05-25 11:31:34,798: INFO/MainProcess] beat: Starting...
[2021-05-25 11:31:35,062: INFO/MainProcess] Scheduler: Sending due task add_them_now (searchingApp.tasks.add)
[2021-05-25 11:32:05,062: INFO/MainProcess] Scheduler: Sending due task add_them_now (searchingApp.tasks.add)
[2021-05-25 11:32:35,080: INFO/MainProcess] Scheduler: Sending due task add_them_now (searchingApp.tasks.add)
[2021-05-25 11:33:05,101: INFO/MainProcess] Scheduler: Sending due task add_them_now (searchingApp.tasks.add)
[2021-05-25 11:33:35,101: INFO/MainProcess] Scheduler: Sending due task add_them_now (searchingApp.tasks.add)
[2021-05-25 11:34:05,120: INFO/MainProcess] Scheduler: Sending due task add_them_now (searchingApp.tasks.add)
[2021-05-25 11:34:35,141: INFO/MainProcess] Scheduler: Sending due task add_them_now (searchingApp.tasks.add)
[2021-05-25 11:35:05,157: INFO/MainProcess] Scheduler: Sending due task add_them_now (searchingApp.tasks.add)
[2021-05-25 11:35:35,177: INFO/MainProcess] Scheduler: Sending due task add_them_now (searchingApp.tasks.add)
[2021-05-25 11:36:05,180: INFO/MainProcess] Scheduler: Sending due task add_them_now (searchingApp.tasks.add)
[2021-05-25 11:36:35,196: INFO/MainProcess] Scheduler: Sending due task add_them_now (searchingApp.tasks.add)
[2021-05-25 11:37:05,216: INFO/MainProcess] Scheduler: Sending due task add_them_now (searchingApp.tasks.add)
[2021-05-25 11:37:35,236: INFO/MainProcess] Scheduler: Sending due task add_them_now (searchingApp.tasks.add)
[2021-05-25 11:38:05,236: INFO/MainProcess] Scheduler: Sending due task add_them_now (searchingApp.tasks.add)
[2021-05-25 11:38:35,240: INFO/MainProcess] Scheduler: Sending due task add_them_now (searchingApp.tasks.add)
[2021-05-25 11:39:05,261: INFO/MainProcess] Scheduler: Sending due task add_them_now (searchingApp.tasks.add)
[2021-05-25 11:39:35,281: INFO/MainProcess] Scheduler: Sending due task add_them_now (searchingApp.tasks.add)
[2021-05-25 11:40:05,302: INFO/MainProcess] Scheduler: Sending due task add_them_now (searchingApp.tasks.add)
[2021-05-25 11:40:35,314: INFO/MainProcess] Scheduler: Sending due task add_them_now (searchingApp.tasks.add)
[2021-05-25 11:41:05,333: INFO/MainProcess] Scheduler: Sending due task add_them_now (searchingApp.tasks.add)
[2021-05-25 11:41:35,354: INFO/MainProcess] Scheduler: Sending due task add_them_now (searchingApp.tasks.add)
[2021-05-25 11:42:05,372: INFO/MainProcess] Scheduler: Sending due task add_them_now (searchingApp.tasks.add)
[2021-05-25 11:42:35,381: INFO/MainProcess] Scheduler: Sending due task add_them_now (searchingApp.tasks.add)
[2021-05-25 11:43:05,401: INFO/MainProcess] Scheduler: Sending due task add_them_now (searchingApp.tasks.add)
[2021-05-25 11:43:35,411: INFO/MainProcess] Scheduler: Sending due task add_them_now (searchingApp.tasks.add)
[2021-05-25 11:44:05,416: INFO/MainProcess] Scheduler: Sending due task add_them_now (searchingApp.tasks.add)
[2021-05-25 11:44:35,429: INFO/MainProcess] Scheduler: Sending due task add_them_now (searchingApp.tasks.add)
[2021-05-25 11:45:05,430: INFO/MainProcess] Scheduler: Sending due task add_them_now (searchingApp.tasks.add)
[2021-05-25 11:45:35,438: INFO/MainProcess] Scheduler: Sending due task add_them_now (searchingApp.tasks.add)
[2021-05-25 11:46:05,456: INFO/MainProcess] Scheduler: Sending due task add_them_now (searchingApp.tasks.add)
[2021-05-25 11:46:35,477: INFO/MainProcess] Scheduler: Sending due task add_them_now (searchingApp.tasks.add)
[2021-05-25 11:47:05,490: INFO/MainProcess] Scheduler: Sending due task add_them_now (searchingApp.tasks.add)
[2021-05-25 11:47:35,508: INFO/MainProcess] Scheduler: Sending due task add_them_now (searchingApp.tasks.add)
[2021-05-25 11:48:05,528: INFO/MainProcess] Scheduler: Sending due task add_them_now (searchingApp.tasks.add)
[2021-05-25 11:48:35,529: INFO/MainProcess] Scheduler: Sending due task add_them_now (searchingApp.tasks.add)
[2021-05-25 11:49:05,529: INFO/MainProcess] Scheduler: Sending due task add_them_now (searchingApp.tasks.add)
[2021-05-25 11:49:35,549: INFO/MainProcess] Scheduler: Sending due task add_them_now (searchingApp.tasks.add)
[2021-05-25 11:50:05,569: INFO/MainProcess] Scheduler: Sending due task add_them_now (searchingApp.tasks.add)
[2021-05-25 11:50:35,569: INFO/MainProcess] Scheduler: Sending due task add_them_now (searchingApp.tasks.add)
[2021-05-25 11:51:05,581: INFO/MainProcess] Scheduler: Sending due task add_them_now (searchingApp.tasks.add)
[2021-05-25 11:51:35,602: INFO/MainProcess] Scheduler: Sending due task add_them_now (searchingApp.tasks.add)
[2021-05-25 11:52:05,602: INFO/MainProcess] Scheduler: Sending due task add_them_now (searchingApp.tasks.add)
[2021-05-25 11:52:35,620: INFO/MainProcess] Scheduler: Sending due task add_them_now (searchingApp.tasks.add)
[2021-05-25 11:53:05,641: INFO/MainProcess] Scheduler: Sending due task add_them_now (searchingApp.tasks.add)
[2021-05-25 11:53:35,662: INFO/MainProcess] Scheduler: Sending due task add_them_now (searchingApp.tasks.add)
[2021-05-25 11:54:05,682: INFO/MainProcess] Scheduler: Sending due task add_them_now (searchingApp.tasks.add)
[2021-05-25 11:54:35,703: INFO/MainProcess] Scheduler: Sending due task add_them_now (searchingApp.tasks.add)
[2021-05-25 11:55:05,707: INFO/MainProcess] Scheduler: Sending due task add_them_now (searchingApp.tasks.add)
[2021-05-25 11:55:35,727: INFO/MainProcess] Scheduler: Sending due task add_them_now (searchingApp.tasks.add)
[2021-05-25 11:56:05,745: INFO/MainProcess] Scheduler: Sending due task add_them_now (searchingApp.tasks.add)
[2021-05-25 11:56:35,750: INFO/MainProcess] Scheduler: Sending due task add_them_now (searchingApp.tasks.add)
[2021-05-25 11:57:05,762: INFO/MainProcess] Scheduler: Sending due task add_them_now (searchingApp.tasks.add)
[2021-05-25 11:57:35,782: INFO/MainProcess] Scheduler: Sending due task add_them_now (searchingApp.tasks.add)
[2021-05-25 11:58:05,800: INFO/MainProcess] Scheduler: Sending due task add_them_now (searchingApp.tasks.add)
[2021-05-25 11:58:35,821: INFO/MainProcess] Scheduler: Sending due task add_them_now (searchingApp.tasks.add)
[2021-05-25 11:59:05,842: INFO/MainProcess] Scheduler: Sending due task add_them_now (searchingApp.tasks.add)
[2021-05-25 11:59:35,863: INFO/MainProcess] Scheduler: Sending due task add_them_now (searchingApp.tasks.add)
[2021-05-25 12:00:05,875: INFO/MainProcess] Scheduler: Sending due task add_them_now (searchingApp.tasks.add)
[2021-05-25 12:00:35,895: INFO/MainProcess] Scheduler: Sending due task add_them_now (searchingApp.tasks.add)
[2021-05-25 12:01:05,895: INFO/MainProcess] Scheduler: Sending due task add_them_now (searchingApp.tasks.add)
[2021-05-25 12:01:35,916: INFO/MainProcess] Scheduler: Sending due task add_them_now (searchingApp.tasks.add)
[2021-05-25 12:02:05,937: INFO/MainProcess] Scheduler: Sending due task add_them_now (searchingApp.tasks.add)
[2021-05-25 12:02:35,956: INFO/MainProcess] Scheduler: Sending due task add_them_now (searchingApp.tasks.add)
[2021-05-25 12:03:05,976: INFO/MainProcess] Scheduler: Sending due task add_them_now (searchingApp.tasks.add)
[2021-05-25 12:03:35,997: INFO/MainProcess] Scheduler: Sending due task add_them_now (searchingApp.tasks.add)
[2021-05-25 12:04:06,017: INFO/MainProcess] Scheduler: Sending due task add_them_now (searchingApp.tasks.add)
[2021-05-25 12:04:36,038: INFO/MainProcess] Scheduler: Sending due task add_them_now (searchingApp.tasks.add)
[2021-05-25 12:05:06,058: INFO/MainProcess] Scheduler: Sending due task add_them_now (searchingApp.tasks.add)
[2021-05-25 12:05:36,058: INFO/MainProcess] Scheduler: Sending due task add_them_now (searchingApp.tasks.add)
[2021-05-25 12:06:06,058: INFO/MainProcess] Scheduler: Sending due task add_them_now (searchingApp.tasks.add)
[2021-05-25 12:06:36,077: INFO/MainProcess] Scheduler: Sending due task add_them_now (searchingApp.tasks.add)
[2021-05-25 12:07:06,097: INFO/MainProcess] Scheduler: Sending due task add_them_now (searchingApp.tasks.add)
[2021-05-25 12:07:36,116: INFO/MainProcess] Scheduler: Sending due task add_them_now (searchingApp.tasks.add)
[2021-05-25 12:08:06,116: INFO/MainProcess] Scheduler: Sending due task add_them_now (searchingApp.tasks.add)
[2021-05-25 12:08:36,137: INFO/MainProcess] Scheduler: Sending due task add_them_now (searchingApp.tasks.add)
[2021-05-25 12:09:06,157: INFO/MainProcess] Scheduler: Sending due task add_them_now (searchingApp.tasks.add)
[2021-05-25 12:09:36,177: INFO/MainProcess] Scheduler: Sending due task add_them_now (searchingApp.tasks.add)
[2021-05-25 12:10:06,198: INFO/MainProcess] Scheduler: Sending due task add_them_now (searchingApp.tasks.add)
[2021-05-25 12:10:36,219: INFO/MainProcess] Scheduler: Sending due task add_them_now (searchingApp.tasks.add)
[2021-05-25 12:11:06,240: INFO/MainProcess] Scheduler: Sending due task add_them_now (searchingApp.tasks.add)
[2021-05-25 12:11:36,260: INFO/MainProcess] Scheduler: Sending due task add_them_now (searchingApp.tasks.add)
[2021-05-25 12:12:06,265: INFO/MainProcess] Scheduler: Sending due task add_them_now (searchingApp.tasks.add)
[2021-05-25 12:12:36,285: INFO/MainProcess] Scheduler: Sending due task add_them_now (searchingApp.tasks.add)
[2021-05-25 12:13:06,285: INFO/MainProcess] Scheduler: Sending due task add_them_now (searchingApp.tasks.add)
[2021-05-25 12:13:36,305: INFO/MainProcess] Scheduler: Sending due task add_them_now (searchingApp.tasks.add)
[2021-05-25 12:14:06,336: INFO/MainProcess] Scheduler: Sending due task add_them_now (searchingApp.tasks.add)
[2021-05-25 12:14:36,357: INFO/MainProcess] Scheduler: Sending due task add_them_now (searchingApp.tasks.add)
[2021-05-25 12:15:06,377: INFO/MainProcess] Scheduler: Sending due task add_them_now (searchingApp.tasks.add)
[2021-05-25 12:15:36,377: INFO/MainProcess] Scheduler: Sending due task add_them_now (searchingApp.tasks.add)
[2021-05-25 12:16:06,377: INFO/MainProcess] Scheduler: Sending due task add_them_now (searchingApp.tasks.add)
[2021-05-25 12:16:36,396: INFO/MainProcess] Scheduler: Sending due task add_them_now (searchingApp.tasks.add)
[2021-05-25 12:17:06,417: INFO/MainProcess] Scheduler: Sending due task add_them_now (searchingApp.tasks.add)
[2021-05-25 12:17:36,436: INFO/MainProcess] Scheduler: Sending due task add_them_now (searchingApp.tasks.add)
[2021-05-25 12:18:06,457: INFO/MainProcess] Scheduler: Sending due task add_them_now (searchingApp.tasks.add)
[2021-05-25 12:18:36,476: INFO/MainProcess] Scheduler: Sending due task add_them_now (searchingApp.tasks.add)
[2021-05-25 12:19:06,497: INFO/MainProcess] Scheduler: Sending due task add_them_now (searchingApp.tasks.add)
[2021-05-25 12:19:36,517: INFO/MainProcess] Scheduler: Sending due task add_them_now (searchingApp.tasks.add)
[2021-05-25 12:20:06,528: INFO/MainProcess] Scheduler: Sending due task add_them_now (searchingApp.tasks.add)
[2021-05-25 12:20:36,544: INFO/MainProcess] Scheduler: Sending due task add_them_now (searchingApp.tasks.add)
[2021-05-25 12:21:06,564: INFO/MainProcess] Scheduler: Sending due task add_them_now (searchingApp.tasks.add)
[2021-05-25 12:21:36,585: INFO/MainProcess] Scheduler: Sending due task add_them_now (searchingApp.tasks.add)
[2021-05-25 12:22:06,604: INFO/MainProcess] Scheduler: Sending due task add_them_now (searchingApp.tasks.add)
[2021-05-25 12:22:36,625: INFO/MainProcess] Scheduler: Sending due task add_them_now (searchingApp.tasks.add)
[2021-05-25 12:23:06,646: INFO/MainProcess] Scheduler: Sending due task add_them_now (searchingApp.tasks.add)
[2021-05-25 12:23:36,667: INFO/MainProcess] Scheduler: Sending due task add_them_now (searchingApp.tasks.add)
[2021-05-25 12:24:06,686: INFO/MainProcess] Scheduler: Sending due task add_them_now (searchingApp.tasks.add)
[2021-05-25 12:24:36,702: INFO/MainProcess] Scheduler: Sending due task add_them_now (searchingApp.tasks.add)
[2021-05-25 12:25:06,720: INFO/MainProcess] Scheduler: Sending due task add_them_now (searchingApp.tasks.add)
[2021-05-25 12:25:36,739: INFO/MainProcess] Scheduler: Sending due task add_them_now (searchingApp.tasks.add)
[2021-05-25 12:26:06,761: INFO/MainProcess] Scheduler: Sending due task add_them_now (searchingApp.tasks.add)
[2021-05-25 12:26:36,761: INFO/MainProcess] Scheduler: Sending due task add_them_now (searchingApp.tasks.add)
[2021-05-25 12:27:06,782: INFO/MainProcess] Scheduler: Sending due task add_them_now (searchingApp.tasks.add)
[2021-05-25 12:27:36,800: INFO/MainProcess] Scheduler: Sending due task add_them_now (searchingApp.tasks.add)
[2021-05-25 12:28:06,800: INFO/MainProcess] Scheduler: Sending due task add_them_now (searchingApp.tasks.add)
[2021-05-25 12:28:36,821: INFO/MainProcess] Scheduler: Sending due task add_them_now (searchingApp.tasks.add)
[2021-05-25 12:29:06,841: INFO/MainProcess] Scheduler: Sending due task add_them_now (searchingApp.tasks.add)
[2021-05-25 12:29:36,859: INFO/MainProcess] Scheduler: Sending due task add_them_now (searchingApp.tasks.add)
[2021-05-25 12:30:06,880: INFO/MainProcess] Scheduler: Sending due task add_them_now (searchingApp.tasks.add)
[2021-05-25 12:30:36,893: INFO/MainProcess] Scheduler: Sending due task add_them_now (searchingApp.tasks.add)
[2021-05-25 12:31:06,894: INFO/MainProcess] Scheduler: Sending due task add_them_now (searchingApp.tasks.add)
[2021-05-25 12:31:36,894: INFO/MainProcess] Scheduler: Sending due task add_them_now (searchingApp.tasks.add)
[2021-05-25 12:32:06,916: INFO/MainProcess] Scheduler: Sending due task add_them_now (searchingApp.tasks.add)
[2021-05-25 12:32:36,924: INFO/MainProcess] Scheduler: Sending due task add_them_now (searchingApp.tasks.add)
[2021-05-25 12:33:06,945: INFO/MainProcess] Scheduler: Sending due task add_them_now (searchingApp.tasks.add)
[2021-05-25 12:33:36,945: INFO/MainProcess] Scheduler: Sending due task add_them_now (searchingApp.tasks.add)
[2021-05-25 12:34:06,965: INFO/MainProcess] Scheduler: Sending due task add_them_now (searchingApp.tasks.add)
[2021-05-25 12:34:36,984: INFO/MainProcess] Scheduler: Sending due task add_them_now (searchingApp.tasks.add)
[2021-05-25 12:35:07,006: INFO/MainProcess] Scheduler: Sending due task add_them_now (searchingApp.tasks.add)
[2021-05-25 12:35:37,026: INFO/MainProcess] Scheduler: Sending due task add_them_now (searchingApp.tasks.add)
[2021-05-25 12:36:07,026: INFO/MainProcess] Scheduler: Sending due task add_them_now (searchingApp.tasks.add)
[2021-05-25 12:36:37,047: INFO/MainProcess] Scheduler: Sending due task add_them_now (searchingApp.tasks.add)
[2021-05-25 12:37:07,064: INFO/MainProcess] Scheduler: Sending due task add_them_now (searchingApp.tasks.add)
[2021-05-25 12:37:37,067: INFO/MainProcess] Scheduler: Sending due task add_them_now (searchingApp.tasks.add)
[2021-05-25 12:38:07,089: INFO/MainProcess] Scheduler: Sending due task add_them_now (searchingApp.tasks.add)
[2021-05-25 12:38:37,109: INFO/MainProcess] Scheduler: Sending due task add_them_now (searchingApp.tasks.add)
[2021-05-25 12:39:07,130: INFO/MainProcess] Scheduler: Sending due task add_them_now (searchingApp.tasks.add)
[2021-05-25 12:39:37,150: INFO/MainProcess] Scheduler: Sending due task add_them_now (searchingApp.tasks.add)
[2021-05-25 12:40:07,171: INFO/MainProcess] Scheduler: Sending due task add_them_now (searchingApp.tasks.add)
[2021-05-25 12:40:37,191: INFO/MainProcess] Scheduler: Sending due task add_them_now (searchingApp.tasks.add)
[2021-05-25 12:41:07,213: INFO/MainProcess] Scheduler: Sending due task add_them_now (searchingApp.tasks.add)
[2021-05-25 12:41:37,233: INFO/MainProcess] Scheduler: Sending due task add_them_now (searchingApp.tasks.add)
[2021-05-25 12:42:07,254: INFO/MainProcess] Scheduler: Sending due task add_them_now (searchingApp.tasks.add)
[2021-05-25 12:42:37,274: INFO/MainProcess] Scheduler: Sending due task add_them_now (searchingApp.tasks.add)
[2021-05-25 12:43:07,279: INFO/MainProcess] Scheduler: Sending due task add_them_now (searchingApp.tasks.add)
[2021-05-25 12:43:37,299: INFO/MainProcess] Scheduler: Sending due task add_them_now (searchingApp.tasks.add)
[2021-05-25 12:44:07,299: INFO/MainProcess] Scheduler: Sending due task add_them_now (searchingApp.tasks.add)
[2021-05-25 12:44:37,320: INFO/MainProcess] Scheduler: Sending due task add_them_now (searchingApp.tasks.add)
[2021-05-25 12:45:07,320: INFO/MainProcess] Scheduler: Sending due task add_them_now (searchingApp.tasks.add)
[2021-05-25 12:45:37,340: INFO/MainProcess] Scheduler: Sending due task add_them_now (searchingApp.tasks.add)
[2021-05-25 12:46:07,341: INFO/MainProcess] Scheduler: Sending due task add_them_now (searchingApp.tasks.add)
[2021-05-25 12:46:37,341: INFO/MainProcess] Scheduler: Sending due task add_them_now (searchingApp.tasks.add)
[2021-05-25 12:47:07,362: INFO/MainProcess] Scheduler: Sending due task add_them_now (searchingApp.tasks.add)
[2021-05-25 12:47:37,383: INFO/MainProcess] Scheduler: Sending due task add_them_now (searchingApp.tasks.add)
[2021-05-25 12:48:07,403: INFO/MainProcess] Scheduler: Sending due task add_them_now (searchingApp.tasks.add)
[2021-05-25 12:48:37,407: INFO/MainProcess] Scheduler: Sending due task add_them_now (searchingApp.tasks.add)
[2021-05-25 12:49:07,427: INFO/MainProcess] Scheduler: Sending due task add_them_now (searchingApp.tasks.add)
[2021-05-25 12:49:37,441: INFO/MainProcess] Scheduler: Sending due task add_them_now (searchingApp.tasks.add)
[2021-05-25 12:50:07,462: INFO/MainProcess] Scheduler: Sending due task add_them_now (searchingApp.tasks.add)
[2021-05-25 12:50:37,464: INFO/MainProcess] Scheduler: Sending due task add_them_now (searchingApp.tasks.add)
[2021-05-25 12:51:07,485: INFO/MainProcess] Scheduler: Sending due task add_them_now (searchingApp.tasks.add)
[2021-05-25 12:51:37,485: INFO/MainProcess] Scheduler: Sending due task add_them_now (searchingApp.tasks.add)
[2021-05-25 12:52:07,506: INFO/MainProcess] Scheduler: Sending due task add_them_now (searchingApp.tasks.add)
[2021-05-25 12:52:37,526: INFO/MainProcess] Scheduler: Sending due task add_them_now (searchingApp.tasks.add)
[2021-05-25 12:53:07,548: INFO/MainProcess] Scheduler: Sending due task add_them_now (searchingApp.tasks.add)
[2021-05-25 12:53:37,569: INFO/MainProcess] Scheduler: Sending due task add_them_now (searchingApp.tasks.add)
[2021-05-25 12:54:07,589: INFO/MainProcess] Scheduler: Sending due task add_them_now (searchingApp.tasks.add)
[2021-05-25 12:54:37,610: INFO/MainProcess] Scheduler: Sending due task add_them_now (searchingApp.tasks.add)
[2021-05-25 12:55:07,630: INFO/MainProcess] Scheduler: Sending due task add_them_now (searchingApp.tasks.add)
[2021-05-25 12:55:37,651: INFO/MainProcess] Scheduler: Sending due task add_them_now (searchingApp.tasks.add)
[2021-05-25 12:56:07,672: INFO/MainProcess] Scheduler: Sending due task add_them_now (searchingApp.tasks.add)
[2021-05-25 12:56:37,685: INFO/MainProcess] Scheduler: Sending due task add_them_now (searchingApp.tasks.add)
[2021-05-25 12:57:07,690: INFO/MainProcess] Scheduler: Sending due task add_them_now (searchingApp.tasks.add)
[2021-05-25 12:57:37,711: INFO/MainProcess] Scheduler: Sending due task add_them_now (searchingApp.tasks.add)
[2021-05-25 12:58:07,724: INFO/MainProcess] Scheduler: Sending due task add_them_now (searchingApp.tasks.add)
[2021-05-25 12:58:37,731: INFO/MainProcess] Scheduler: Sending due task add_them_now (searchingApp.tasks.add)
[2021-05-25 12:59:07,753: INFO/MainProcess] Scheduler: Sending due task add_them_now (searchingApp.tasks.add)
[2021-05-25 12:59:37,774: INFO/MainProcess] Scheduler: Sending due task add_them_now (searchingApp.tasks.add)
[2021-05-25 13:00:07,794: INFO/MainProcess] Scheduler: Sending due task add_them_now (searchingApp.tasks.add)
[2021-05-25 13:00:37,794: INFO/MainProcess] Scheduler: Sending due task add_them_now (searchingApp.tasks.add)
[2021-05-25 13:01:07,815: INFO/MainProcess] Scheduler: Sending due task add_them_now (searchingApp.tasks.add)
[2021-05-25 13:01:37,836: INFO/MainProcess] Scheduler: Sending due task add_them_now (searchingApp.tasks.add)
[2021-05-25 13:02:07,850: INFO/MainProcess] Scheduler: Sending due task add_them_now (searchingApp.tasks.add)
[2021-05-25 13:02:37,861: INFO/MainProcess] Scheduler: Sending due task add_them_now (searchingApp.tasks.add)
[2021-05-25 13:03:07,882: INFO/MainProcess] Scheduler: Sending due task add_them_now (searchingApp.tasks.add)
[2021-05-25 13:03:37,900: INFO/MainProcess] Scheduler: Sending due task add_them_now (searchingApp.tasks.add)
[2021-05-25 13:04:07,921: INFO/MainProcess] Scheduler: Sending due task add_them_now (searchingApp.tasks.add)
[2021-05-25 13:04:37,941: INFO/MainProcess] Scheduler: Sending due task add_them_now (searchingApp.tasks.add)
[2021-05-25 13:05:07,963: INFO/MainProcess] Scheduler: Sending due task add_them_now (searchingApp.tasks.add)
[2021-05-25 13:05:37,983: INFO/MainProcess] Scheduler: Sending due task add_them_now (searchingApp.tasks.add)
[2021-05-25 13:06:08,004: INFO/MainProcess] Scheduler: Sending due task add_them_now (searchingApp.tasks.add)
[2021-05-25 13:06:38,010: INFO/MainProcess] Scheduler: Sending due task add_them_now (searchingApp.tasks.add)
[2021-05-25 13:07:08,028: INFO/MainProcess] Scheduler: Sending due task add_them_now (searchingApp.tasks.add)
[2021-05-25 13:07:38,028: INFO/MainProcess] Scheduler: Sending due task add_them_now (searchingApp.tasks.add)
[2021-05-25 13:08:08,028: INFO/MainProcess] Scheduler: Sending due task add_them_now (searchingApp.tasks.add)
[2021-05-25 13:08:38,041: INFO/MainProcess] Scheduler: Sending due task add_them_now (searchingApp.tasks.add)
[2021-05-25 13:09:08,062: INFO/MainProcess] Scheduler: Sending due task add_them_now (searchingApp.tasks.add)
[2021-05-25 13:09:38,082: INFO/MainProcess] Scheduler: Sending due task add_them_now (searchingApp.tasks.add)
[2021-05-25 13:10:08,103: INFO/MainProcess] Scheduler: Sending due task add_them_now (searchingApp.tasks.add)
[2021-05-25 13:10:38,123: INFO/MainProcess] Scheduler: Sending due task add_them_now (searchingApp.tasks.add)
[2021-05-25 13:11:08,144: INFO/MainProcess] Scheduler: Sending due task add_them_now (searchingApp.tasks.add)
[2021-05-25 13:11:38,165: INFO/MainProcess] Scheduler: Sending due task add_them_now (searchingApp.tasks.add)
[2021-05-25 13:12:08,185: INFO/MainProcess] Scheduler: Sending due task add_them_now (searchingApp.tasks.add)
[2021-05-25 13:12:38,206: INFO/MainProcess] Scheduler: Sending due task add_them_now (searchingApp.tasks.add)
[2021-05-25 13:13:08,216: INFO/MainProcess] Scheduler: Sending due task add_them_now (searchingApp.tasks.add)
[2021-05-25 13:13:38,216: INFO/MainProcess] Scheduler: Sending due task add_them_now (searchingApp.tasks.add)
[2021-05-25 13:14:08,238: INFO/MainProcess] Scheduler: Sending due task add_them_now (searchingApp.tasks.add)
[2021-05-25 13:14:38,258: INFO/MainProcess] Scheduler: Sending due task add_them_now (searchingApp.tasks.add)
[2021-05-25 13:15:08,277: INFO/MainProcess] Scheduler: Sending due task add_them_now (searchingApp.tasks.add)
[2021-05-25 13:15:38,298: INFO/MainProcess] Scheduler: Sending due task add_them_now (searchingApp.tasks.add)
[2021-05-25 13:16:08,318: INFO/MainProcess] Scheduler: Sending due task add_them_now (searchingApp.tasks.add)
[2021-05-25 13:16:38,339: INFO/MainProcess] Scheduler: Sending due task add_them_now (searchingApp.tasks.add)
[2021-05-25 13:17:08,360: INFO/MainProcess] Scheduler: Sending due task add_them_now (searchingApp.tasks.add)
[2021-05-25 13:17:38,380: INFO/MainProcess] Scheduler: Sending due task add_them_now (searchingApp.tasks.add)
[2021-05-25 13:18:08,380: INFO/MainProcess] Scheduler: Sending due task add_them_now (searchingApp.tasks.add)
[2021-05-25 13:18:38,401: INFO/MainProcess] Scheduler: Sending due task add_them_now (searchingApp.tasks.add)
[2021-05-25 13:19:08,421: INFO/MainProcess] Scheduler: Sending due task add_them_now (searchingApp.tasks.add)
[2021-05-25 13:19:38,442: INFO/MainProcess] Scheduler: Sending due task add_them_now (searchingApp.tasks.add)
[2021-05-25 13:20:08,463: INFO/MainProcess] Scheduler: Sending due task add_them_now (searchingApp.tasks.add)
[2021-05-25 13:20:38,476: INFO/MainProcess] Scheduler: Sending due task add_them_now (searchingApp.tasks.add)
[2021-05-25 13:21:08,496: INFO/MainProcess] Scheduler: Sending due task add_them_now (searchingApp.tasks.add)
[2021-05-25 13:21:38,497: INFO/MainProcess] Scheduler: Sending due task add_them_now (searchingApp.tasks.add)
[2021-05-25 13:22:08,517: INFO/MainProcess] Scheduler: Sending due task add_them_now (searchingApp.tasks.add)
[2021-05-25 13:22:38,528: INFO/MainProcess] Scheduler: Sending due task add_them_now (searchingApp.tasks.add)
[2021-05-25 13:23:08,550: INFO/MainProcess] Scheduler: Sending due task add_them_now (searchingApp.tasks.add)
[2021-05-25 13:23:38,570: INFO/MainProcess] Scheduler: Sending due task add_them_now (searchingApp.tasks.add)
[2021-05-25 13:24:08,570: INFO/MainProcess] Scheduler: Sending due task add_them_now (searchingApp.tasks.add)
[2021-05-25 13:24:38,591: INFO/MainProcess] Scheduler: Sending due task add_them_now (searchingApp.tasks.add)
[2021-05-25 13:25:08,602: INFO/MainProcess] Scheduler: Sending due task add_them_now (searchingApp.tasks.add)
[2021-05-25 13:25:38,622: INFO/MainProcess] Scheduler: Sending due task add_them_now (searchingApp.tasks.add)
[2021-05-25 13:26:08,644: INFO/MainProcess] Scheduler: Sending due task add_them_now (searchingApp.tasks.add)
[2021-05-25 13:26:38,664: INFO/MainProcess] Scheduler: Sending due task add_them_now (searchingApp.tasks.add)
[2021-05-25 13:27:08,668: INFO/MainProcess] Scheduler: Sending due task add_them_now (searchingApp.tasks.add)
[2021-05-25 13:27:38,688: INFO/MainProcess] Scheduler: Sending due task add_them_now (searchingApp.tasks.add)
[2021-05-25 13:28:08,709: INFO/MainProcess] Scheduler: Sending due task add_them_now (searchingApp.tasks.add)
[2021-05-25 13:28:38,729: INFO/MainProcess] Scheduler: Sending due task add_them_now (searchingApp.tasks.add)
[2021-05-25 13:29:08,750: INFO/MainProcess] Scheduler: Sending due task add_them_now (searchingApp.tasks.add)
[2021-05-25 13:29:38,770: INFO/MainProcess] Scheduler: Sending due task add_them_now (searchingApp.tasks.add)
[2021-05-25 13:30:08,790: INFO/MainProcess] Scheduler: Sending due task add_them_now (searchingApp.tasks.add)
[2021-05-25 13:30:38,804: INFO/MainProcess] Scheduler: Sending due task add_them_now (searchingApp.tasks.add)
[2021-05-25 13:31:08,825: INFO/MainProcess] Scheduler: Sending due task add_them_now (searchingApp.tasks.add)
[2021-05-25 13:31:38,830: INFO/MainProcess] Scheduler: Sending due task add_them_now (searchingApp.tasks.add)
[2021-05-25 13:32:08,852: INFO/MainProcess] Scheduler: Sending due task add_them_now (searchingApp.tasks.add)
[2021-05-25 13:32:38,872: INFO/MainProcess] Scheduler: Sending due task add_them_now (searchingApp.tasks.add)
[2021-05-25 13:33:08,888: INFO/MainProcess] Scheduler: Sending due task add_them_now (searchingApp.tasks.add)
[2021-05-25 13:33:38,908: INFO/MainProcess] Scheduler: Sending due task add_them_now (searchingApp.tasks.add)
[2021-05-25 13:34:08,910: INFO/MainProcess] Scheduler: Sending due task add_them_now (searchingApp.tasks.add)
[2021-05-25 13:34:38,931: INFO/MainProcess] Scheduler: Sending due task add_them_now (searchingApp.tasks.add)
[2021-05-25 13:35:08,933: INFO/MainProcess] Scheduler: Sending due task add_them_now (searchingApp.tasks.add)
[2021-05-25 13:35:38,954: INFO/MainProcess] Scheduler: Sending due task add_them_now (searchingApp.tasks.add)
[2021-05-25 13:36:08,972: INFO/MainProcess] Scheduler: Sending due task add_them_now (searchingApp.tasks.add)
[2021-05-25 13:36:38,991: INFO/MainProcess] Scheduler: Sending due task add_them_now (searchingApp.tasks.add)
[2021-05-25 13:37:08,991: INFO/MainProcess] Scheduler: Sending due task add_them_now (searchingApp.tasks.add)
[2021-05-25 13:37:39,011: INFO/MainProcess] Scheduler: Sending due task add_them_now (searchingApp.tasks.add)
[2021-05-25 13:38:09,029: INFO/MainProcess] Scheduler: Sending due task add_them_now (searchingApp.tasks.add)
[2021-05-25 13:38:39,044: INFO/MainProcess] Scheduler: Sending due task add_them_now (searchingApp.tasks.add)
[2021-05-25 13:39:09,064: INFO/MainProcess] Scheduler: Sending due task add_them_now (searchingApp.tasks.add)
[2021-05-25 13:39:39,085: INFO/MainProcess] Scheduler: Sending due task add_them_now (searchingApp.tasks.add)
[2021-05-25 13:40:09,105: INFO/MainProcess] Scheduler: Sending due task add_them_now (searchingApp.tasks.add)
[2021-05-25 13:40:39,119: INFO/MainProcess] Scheduler: Sending due task add_them_now (searchingApp.tasks.add)
[2021-05-25 13:41:09,141: INFO/MainProcess] Scheduler: Sending due task add_them_now (searchingApp.tasks.add)
[2021-05-25 13:41:39,162: INFO/MainProcess] Scheduler: Sending due task add_them_now (searchingApp.tasks.add)
[2021-05-25 13:42:09,182: INFO/MainProcess] Scheduler: Sending due task add_them_now (searchingApp.tasks.add)
[2021-05-25 13:42:39,202: INFO/MainProcess] Scheduler: Sending due task add_them_now (searchingApp.tasks.add)
[2021-05-25 13:43:09,223: INFO/MainProcess] Scheduler: Sending due task add_them_now (searchingApp.tasks.add)
[2021-05-25 13:43:39,243: INFO/MainProcess] Scheduler: Sending due task add_them_now (searchingApp.tasks.add)
[2021-05-25 13:44:09,244: INFO/MainProcess] Scheduler: Sending due task add_them_now (searchingApp.tasks.add)
[2021-05-25 13:44:39,264: INFO/MainProcess] Scheduler: Sending due task add_them_now (searchingApp.tasks.add)
[2021-05-25 13:45:09,264: INFO/MainProcess] Scheduler: Sending due task add_them_now (searchingApp.tasks.add)
[2021-05-25 13:45:39,285: INFO/MainProcess] Scheduler: Sending due task add_them_now (searchingApp.tasks.add)
[2021-05-25 13:46:09,285: INFO/MainProcess] Scheduler: Sending due task add_them_now (searchingApp.tasks.add)
[2021-05-25 13:46:39,305: INFO/MainProcess] Scheduler: Sending due task add_them_now (searchingApp.tasks.add)
[2021-05-25 13:47:09,327: INFO/MainProcess] Scheduler: Sending due task add_them_now (searchingApp.tasks.add)
[2021-05-25 13:47:39,329: INFO/MainProcess] Scheduler: Sending due task add_them_now (searchingApp.tasks.add)
[2021-05-25 13:48:09,349: INFO/MainProcess] Scheduler: Sending due task add_them_now (searchingApp.tasks.add)
[2021-05-25 13:48:39,358: INFO/MainProcess] Scheduler: Sending due task add_them_now (searchingApp.tasks.add)
[2021-05-25 13:49:09,379: INFO/MainProcess] Scheduler: Sending due task add_them_now (searchingApp.tasks.add)
[2021-05-25 13:49:39,386: INFO/MainProcess] Scheduler: Sending due task add_them_now (searchingApp.tasks.add)
[2021-05-25 13:50:09,405: INFO/MainProcess] Scheduler: Sending due task add_them_now (searchingApp.tasks.add)
[2021-05-25 13:50:39,416: INFO/MainProcess] Scheduler: Sending due task add_them_now (searchingApp.tasks.add)
[2021-05-25 13:51:09,436: INFO/MainProcess] Scheduler: Sending due task add_them_now (searchingApp.tasks.add)
[2021-05-25 13:51:39,456: INFO/MainProcess] Scheduler: Sending due task add_them_now (searchingApp.tasks.add)
[2021-05-25 13:52:09,477: INFO/MainProcess] Scheduler: Sending due task add_them_now (searchingApp.tasks.add)
[2021-05-25 13:52:39,477: INFO/MainProcess] Scheduler: Sending due task add_them_now (searchingApp.tasks.add)
[2021-05-25 13:53:09,499: INFO/MainProcess] Scheduler: Sending due task add_them_now (searchingApp.tasks.add)
[2021-05-25 13:53:39,519: INFO/MainProcess] Scheduler: Sending due task add_them_now (searchingApp.tasks.add)
[2021-05-25 13:54:09,540: INFO/MainProcess] Scheduler: Sending due task add_them_now (searchingApp.tasks.add)
[2021-05-25 13:54:39,560: INFO/MainProcess] Scheduler: Sending due task add_them_now (searchingApp.tasks.add)
[2021-05-25 13:55:09,560: INFO/MainProcess] Scheduler: Sending due task add_them_now (searchingApp.tasks.add)
[2021-05-25 13:55:39,581: INFO/MainProcess] Scheduler: Sending due task add_them_now (searchingApp.tasks.add)
[2021-05-25 13:56:09,602: INFO/MainProcess] Scheduler: Sending due task add_them_now (searchingApp.tasks.add)
[2021-05-25 13:56:39,623: INFO/MainProcess] Scheduler: Sending due task add_them_now (searchingApp.tasks.add)
[2021-05-25 13:57:09,643: INFO/MainProcess] Scheduler: Sending due task add_them_now (searchingApp.tasks.add)
[2021-05-25 13:57:39,664: INFO/MainProcess] Scheduler: Sending due task add_them_now (searchingApp.tasks.add)
[2021-05-25 13:58:09,684: INFO/MainProcess] Scheduler: Sending due task add_them_now (searchingApp.tasks.add)
[2021-05-25 13:58:39,704: INFO/MainProcess] Scheduler: Sending due task add_them_now (searchingApp.tasks.add)
[2021-05-25 13:59:09,726: INFO/MainProcess] Scheduler: Sending due task add_them_now (searchingApp.tasks.add)
[2021-05-25 13:59:39,741: INFO/MainProcess] Scheduler: Sending due task add_them_now (searchingApp.tasks.add)
[2021-05-25 14:00:09,741: INFO/MainProcess] Scheduler: Sending due task add_them_now (searchingApp.tasks.add)
[2021-05-25 14:00:39,761: INFO/MainProcess] Scheduler: Sending due task add_them_now (searchingApp.tasks.add)
[2021-05-25 14:01:09,782: INFO/MainProcess] Scheduler: Sending due task add_them_now (searchingApp.tasks.add)
[2021-05-25 14:01:39,782: INFO/MainProcess] Scheduler: Sending due task add_them_now (searchingApp.tasks.add)
[2021-05-25 14:02:09,803: INFO/MainProcess] Scheduler: Sending due task add_them_now (searchingApp.tasks.add)
[2021-05-25 14:02:39,823: INFO/MainProcess] Scheduler: Sending due task add_them_now (searchingApp.tasks.add)
[2021-05-25 14:03:09,840: INFO/MainProcess] Scheduler: Sending due task add_them_now (searchingApp.tasks.add)
[2021-05-25 14:03:39,861: INFO/MainProcess] Scheduler: Sending due task add_them_now (searchingApp.tasks.add)
[2021-05-25 14:04:09,880: INFO/MainProcess] Scheduler: Sending due task add_them_now (searchingApp.tasks.add)
[2021-05-25 14:04:39,901: INFO/MainProcess] Scheduler: Sending due task add_them_now (searchingApp.tasks.add)
[2021-05-25 14:05:09,901: INFO/MainProcess] Scheduler: Sending due task add_them_now (searchingApp.tasks.add)
[2021-05-25 14:05:39,920: INFO/MainProcess] Scheduler: Sending due task add_them_now (searchingApp.tasks.add)
[2021-05-25 14:06:09,940: INFO/MainProcess] Scheduler: Sending due task add_them_now (searchingApp.tasks.add)
[2021-05-25 14:06:39,960: INFO/MainProcess] Scheduler: Sending due task add_them_now (searchingApp.tasks.add)
[2021-05-25 14:07:09,980: INFO/MainProcess] Scheduler: Sending due task add_them_now (searchingApp.tasks.add)
[2021-05-25 14:07:40,001: INFO/MainProcess] Scheduler: Sending due task add_them_now (searchingApp.tasks.add)
[2021-05-25 14:08:10,001: INFO/MainProcess] Scheduler: Sending due task add_them_now (searchingApp.tasks.add)
[2021-05-25 14:08:40,012: INFO/MainProcess] Scheduler: Sending due task add_them_now (searchingApp.tasks.add)
[2021-05-25 14:09:10,033: INFO/MainProcess] Scheduler: Sending due task add_them_now (searchingApp.tasks.add)
[2021-05-25 14:09:40,044: INFO/MainProcess] Scheduler: Sending due task add_them_now (searchingApp.tasks.add)
[2021-05-25 14:10:10,065: INFO/MainProcess] Scheduler: Sending due task add_them_now (searchingApp.tasks.add)
[2021-05-25 14:10:40,085: INFO/MainProcess] Scheduler: Sending due task add_them_now (searchingApp.tasks.add)
[2021-05-25 14:11:10,093: INFO/MainProcess] Scheduler: Sending due task add_them_now (searchingApp.tasks.add)
[2021-05-25 14:11:40,114: INFO/MainProcess] Scheduler: Sending due task add_them_now (searchingApp.tasks.add)
[2021-05-25 14:12:10,120: INFO/MainProcess] Scheduler: Sending due task add_them_now (searchingApp.tasks.add)
[2021-05-25 14:12:40,120: INFO/MainProcess] Scheduler: Sending due task add_them_now (searchingApp.tasks.add)
[2021-05-25 14:13:10,141: INFO/MainProcess] Scheduler: Sending due task add_them_now (searchingApp.tasks.add)
[2021-05-25 14:13:40,161: INFO/MainProcess] Scheduler: Sending due task add_them_now (searchingApp.tasks.add)
[2021-05-25 14:14:10,181: INFO/MainProcess] Scheduler: Sending due task add_them_now (searchingApp.tasks.add)
[2021-05-25 14:14:40,200: INFO/MainProcess] Scheduler: Sending due task add_them_now (searchingApp.tasks.add)
[2021-05-25 14:15:10,220: INFO/MainProcess] Scheduler: Sending due task add_them_now (searchingApp.tasks.add)
[2021-05-25 14:15:40,240: INFO/MainProcess] Scheduler: Sending due task add_them_now (searchingApp.tasks.add)
[2021-05-25 14:16:10,260: INFO/MainProcess] Scheduler: Sending due task add_them_now (searchingApp.tasks.add)
[2021-05-25 14:16:40,260: INFO/MainProcess] Scheduler: Sending due task add_them_now (searchingApp.tasks.add)
[2021-05-25 14:17:10,282: INFO/MainProcess] Scheduler: Sending due task add_them_now (searchingApp.tasks.add)
[2021-05-25 14:17:40,282: INFO/MainProcess] Scheduler: Sending due task add_them_now (searchingApp.tasks.add)
[2021-05-25 14:18:10,302: INFO/MainProcess] Scheduler: Sending due task add_them_now (searchingApp.tasks.add)
[2021-05-25 14:18:40,304: INFO/MainProcess] Scheduler: Sending due task add_them_now (searchingApp.tasks.add)
[2021-05-25 14:19:10,306: INFO/MainProcess] Scheduler: Sending due task add_them_now (searchingApp.tasks.add)
[2021-05-25 14:19:40,326: INFO/MainProcess] Scheduler: Sending due task add_them_now (searchingApp.tasks.add)
[2021-05-25 14:20:10,347: INFO/MainProcess] Scheduler: Sending due task add_them_now (searchingApp.tasks.add)
[2021-05-25 14:20:40,364: INFO/MainProcess] Scheduler: Sending due task add_them_now (searchingApp.tasks.add)
[2021-05-25 14:21:10,384: INFO/MainProcess] Scheduler: Sending due task add_them_now (searchingApp.tasks.add)
[2021-05-25 14:21:40,384: INFO/MainProcess] Scheduler: Sending due task add_them_now (searchingApp.tasks.add)
[2021-05-25 14:22:10,405: INFO/MainProcess] Scheduler: Sending due task add_them_now (searchingApp.tasks.add)
[2021-05-25 14:22:40,425: INFO/MainProcess] Scheduler: Sending due task add_them_now (searchingApp.tasks.add)
[2021-05-25 14:23:10,446: INFO/MainProcess] Scheduler: Sending due task add_them_now (searchingApp.tasks.add)
[2021-05-25 14:23:40,467: INFO/MainProcess] Scheduler: Sending due task add_them_now (searchingApp.tasks.add)
[2021-05-25 14:24:10,487: INFO/MainProcess] Scheduler: Sending due task add_them_now (searchingApp.tasks.add)
[2021-05-25 14:24:40,489: INFO/MainProcess] Scheduler: Sending due task add_them_now (searchingApp.tasks.add)
[2021-05-25 14:25:10,501: INFO/MainProcess] Scheduler: Sending due task add_them_now (searchingApp.tasks.add)
[2021-05-25 14:25:40,521: INFO/MainProcess] Scheduler: Sending due task add_them_now (searchingApp.tasks.add)
[2021-05-25 14:26:10,543: INFO/MainProcess] Scheduler: Sending due task add_them_now (searchingApp.tasks.add)
[2021-05-25 14:26:40,563: INFO/MainProcess] Scheduler: Sending due task add_them_now (searchingApp.tasks.add)
[2021-05-25 14:27:10,579: INFO/MainProcess] Scheduler: Sending due task add_them_now (searchingApp.tasks.add)
[2021-05-25 14:27:40,599: INFO/MainProcess] Scheduler: Sending due task add_them_now (searchingApp.tasks.add)
[2021-05-25 14:28:10,616: INFO/MainProcess] Scheduler: Sending due task add_them_now (searchingApp.tasks.add)
[2021-05-25 14:28:40,637: INFO/MainProcess] Scheduler: Sending due task add_them_now (searchingApp.tasks.add)
[2021-05-25 14:29:10,637: INFO/MainProcess] Scheduler: Sending due task add_them_now (searchingApp.tasks.add)
[2021-05-25 14:29:40,657: INFO/MainProcess] Scheduler: Sending due task add_them_now (searchingApp.tasks.add)
[2021-05-25 14:30:10,662: INFO/MainProcess] Scheduler: Sending due task add_them_now (searchingApp.tasks.add)
[2021-05-25 14:30:40,662: INFO/MainProcess] Scheduler: Sending due task add_them_now (searchingApp.tasks.add)
[2021-05-25 14:31:10,682: INFO/MainProcess] Scheduler: Sending due task add_them_now (searchingApp.tasks.add)
[2021-05-25 14:31:40,703: INFO/MainProcess] Scheduler: Sending due task add_them_now (searchingApp.tasks.add)
[2021-05-25 14:32:10,724: INFO/MainProcess] Scheduler: Sending due task add_them_now (searchingApp.tasks.add)
[2021-05-25 14:32:40,741: INFO/MainProcess] Scheduler: Sending due task add_them_now (searchingApp.tasks.add)
[2021-05-25 14:33:10,761: INFO/MainProcess] Scheduler: Sending due task add_them_now (searchingApp.tasks.add)
[2021-05-25 14:33:40,781: INFO/MainProcess] Scheduler: Sending due task add_them_now (searchingApp.tasks.add)
[2021-05-25 14:34:10,801: INFO/MainProcess] Scheduler: Sending due task add_them_now (searchingApp.tasks.add)
[2021-05-25 14:34:40,822: INFO/MainProcess] Scheduler: Sending due task add_them_now (searchingApp.tasks.add)
[2021-05-25 14:35:10,843: INFO/MainProcess] Scheduler: Sending due task add_them_now (searchingApp.tasks.add)
[2021-05-25 14:35:40,851: INFO/MainProcess] Scheduler: Sending due task add_them_now (searchingApp.tasks.add)
[2021-05-25 14:36:10,872: INFO/MainProcess] Scheduler: Sending due task add_them_now (searchingApp.tasks.add)
[2021-05-25 14:36:40,892: INFO/MainProcess] Scheduler: Sending due task add_them_now (searchingApp.tasks.add)
[2021-05-25 14:37:10,894: INFO/MainProcess] Scheduler: Sending due task add_them_now (searchingApp.tasks.add)
[2021-05-25 14:37:40,910: INFO/MainProcess] Scheduler: Sending due task add_them_now (searchingApp.tasks.add)
[2021-05-25 14:38:10,930: INFO/MainProcess] Scheduler: Sending due task add_them_now (searchingApp.tasks.add)
[2021-05-25 14:38:40,951: INFO/MainProcess] Scheduler: Sending due task add_them_now (searchingApp.tasks.add)
[2021-05-25 14:39:10,971: INFO/MainProcess] Scheduler: Sending due task add_them_now (searchingApp.tasks.add)
[2021-05-25 14:39:40,992: INFO/MainProcess] Scheduler: Sending due task add_them_now (searchingApp.tasks.add)
[2021-05-25 14:40:11,008: INFO/MainProcess] Scheduler: Sending due task add_them_now (searchingApp.tasks.add)
[2021-05-25 14:40:41,029: INFO/MainProcess] Scheduler: Sending due task add_them_now (searchingApp.tasks.add)
[2021-05-25 14:41:11,050: INFO/MainProcess] Scheduler: Sending due task add_them_now (searchingApp.tasks.add)
[2021-05-25 14:41:41,071: INFO/MainProcess] Scheduler: Sending due task add_them_now (searchingApp.tasks.add)
[2021-05-25 14:42:11,072: INFO/MainProcess] Scheduler: Sending due task add_them_now (searchingApp.tasks.add)
[2021-05-25 14:42:41,093: INFO/MainProcess] Scheduler: Sending due task add_them_now (searchingApp.tasks.add)
[2021-05-25 14:43:11,114: INFO/MainProcess] Scheduler: Sending due task add_them_now (searchingApp.tasks.add)
[2021-05-25 14:43:41,113: INFO/MainProcess] Scheduler: Sending due task add_them_now (searchingApp.tasks.add)
[2021-05-25 14:44:11,135: INFO/MainProcess] Scheduler: Sending due task add_them_now (searchingApp.tasks.add)
[2021-05-25 14:44:41,152: INFO/MainProcess] Scheduler: Sending due task add_them_now (searchingApp.tasks.add)
[2021-05-25 14:45:11,173: INFO/MainProcess] Scheduler: Sending due task add_them_now (searchingApp.tasks.add)
[2021-05-25 14:45:41,193: INFO/MainProcess] Scheduler: Sending due task add_them_now (searchingApp.tasks.add)
[2021-05-25 14:46:11,214: INFO/MainProcess] Scheduler: Sending due task add_them_now (searchingApp.tasks.add)
[2021-05-25 14:46:41,234: INFO/MainProcess] Scheduler: Sending due task add_them_now (searchingApp.tasks.add)
[2021-05-25 14:47:11,250: INFO/MainProcess] Scheduler: Sending due task add_them_now (searchingApp.tasks.add)
[2021-05-25 14:47:41,271: INFO/MainProcess] Scheduler: Sending due task add_them_now (searchingApp.tasks.add)
[2021-05-25 14:48:11,291: INFO/MainProcess] Scheduler: Sending due task add_them_now (searchingApp.tasks.add)
[2021-05-25 14:48:41,312: INFO/MainProcess] Scheduler: Sending due task add_them_now (searchingApp.tasks.add)
[2021-05-25 14:49:11,332: INFO/MainProcess] Scheduler: Sending due task add_them_now (searchingApp.tasks.add)
[2021-05-25 14:49:41,353: INFO/MainProcess] Scheduler: Sending due task add_them_now (searchingApp.tasks.add)
[2021-05-25 14:50:11,374: INFO/MainProcess] Scheduler: Sending due task add_them_now (searchingApp.tasks.add)
[2021-05-25 14:50:41,395: INFO/MainProcess] Scheduler: Sending due task add_them_now (searchingApp.tasks.add)
[2021-05-25 14:51:11,415: INFO/MainProcess] Scheduler: Sending due task add_them_now (searchingApp.tasks.add)
[2021-05-25 14:51:41,435: INFO/MainProcess] Scheduler: Sending due task add_them_now (searchingApp.tasks.add)
[2021-05-25 14:52:11,456: INFO/MainProcess] Scheduler: Sending due task add_them_now (searchingApp.tasks.add)
[2021-05-25 14:52:41,476: INFO/MainProcess] Scheduler: Sending due task add_them_now (searchingApp.tasks.add)
[2021-05-25 14:53:11,497: INFO/MainProcess] Scheduler: Sending due task add_them_now (searchingApp.tasks.add)
[2021-05-25 14:53:41,518: INFO/MainProcess] Scheduler: Sending due task add_them_now (searchingApp.tasks.add)
[2021-05-25 14:54:11,538: INFO/MainProcess] Scheduler: Sending due task add_them_now (searchingApp.tasks.add)
[2021-05-25 14:54:41,558: INFO/MainProcess] Scheduler: Sending due task add_them_now (searchingApp.tasks.add)
[2021-05-25 14:55:11,578: INFO/MainProcess] Scheduler: Sending due task add_them_now (searchingApp.tasks.add)
[2021-05-25 14:55:41,599: INFO/MainProcess] Scheduler: Sending due task add_them_now (searchingApp.tasks.add)
[2021-05-25 14:56:11,601: INFO/MainProcess] Scheduler: Sending due task add_them_now (searchingApp.tasks.add)
[2021-05-25 14:56:41,620: INFO/MainProcess] Scheduler: Sending due task add_them_now (searchingApp.tasks.add)
[2021-05-25 14:57:11,641: INFO/MainProcess] Scheduler: Sending due task add_them_now (searchingApp.tasks.add)
[2021-05-25 14:57:41,660: INFO/MainProcess] Scheduler: Sending due task add_them_now (searchingApp.tasks.add)
[2021-05-25 14:58:11,669: INFO/MainProcess] Scheduler: Sending due task add_them_now (searchingApp.tasks.add)
[2021-05-25 14:58:41,689: INFO/MainProcess] Scheduler: Sending due task add_them_now (searchingApp.tasks.add)
[2021-05-25 14:59:11,697: INFO/MainProcess] Scheduler: Sending due task add_them_now (searchingApp.tasks.add)
[2021-05-25 14:59:41,718: INFO/MainProcess] Scheduler: Sending due task add_them_now (searchingApp.tasks.add)
[2021-05-25 15:00:11,736: INFO/MainProcess] Scheduler: Sending due task add_them_now (searchingApp.tasks.add)
[2021-05-25 15:00:41,736: INFO/MainProcess] Scheduler: Sending due task add_them_now (searchingApp.tasks.add)
[2021-05-25 15:01:11,737: INFO/MainProcess] Scheduler: Sending due task add_them_now (searchingApp.tasks.add)
[2021-05-25 15:01:41,757: INFO/MainProcess] Scheduler: Sending due task add_them_now (searchingApp.tasks.add)
[2021-05-25 15:02:11,773: INFO/MainProcess] Scheduler: Sending due task add_them_now (searchingApp.tasks.add)
[2021-05-25 15:02:41,794: INFO/MainProcess] Scheduler: Sending due task add_them_now (searchingApp.tasks.add)
[2021-05-25 15:03:11,814: INFO/MainProcess] Scheduler: Sending due task add_them_now (searchingApp.tasks.add)
[2021-05-25 15:03:41,835: INFO/MainProcess] Scheduler: Sending due task add_them_now (searchingApp.tasks.add)
[2021-05-25 15:04:11,846: INFO/MainProcess] Scheduler: Sending due task add_them_now (searchingApp.tasks.add)
[2021-05-25 15:04:41,864: INFO/MainProcess] Scheduler: Sending due task add_them_now (searchingApp.tasks.add)
[2021-05-25 15:05:11,886: INFO/MainProcess] Scheduler: Sending due task add_them_now (searchingApp.tasks.add)
[2021-05-25 15:05:41,889: INFO/MainProcess] Scheduler: Sending due task add_them_now (searchingApp.tasks.add)
[2021-05-25 15:06:11,908: INFO/MainProcess] Scheduler: Sending due task add_them_now (searchingApp.tasks.add)
[2021-05-25 15:06:41,919: INFO/MainProcess] Scheduler: Sending due task add_them_now (searchingApp.tasks.add)
[2021-05-25 15:07:11,921: INFO/MainProcess] Scheduler: Sending due task add_them_now (searchingApp.tasks.add)
[2021-05-25 15:07:41,942: INFO/MainProcess] Scheduler: Sending due task add_them_now (searchingApp.tasks.add)
[2021-05-25 15:08:11,963: INFO/MainProcess] Scheduler: Sending due task add_them_now (searchingApp.tasks.add)
[2021-05-25 15:08:41,963: INFO/MainProcess] Scheduler: Sending due task add_them_now (searchingApp.tasks.add)
[2021-05-25 15:09:11,984: INFO/MainProcess] Scheduler: Sending due task add_them_now (searchingApp.tasks.add)
[2021-05-25 15:09:42,004: INFO/MainProcess] Scheduler: Sending due task add_them_now (searchingApp.tasks.add)
[2021-05-25 15:10:12,024: INFO/MainProcess] Scheduler: Sending due task add_them_now (searchingApp.tasks.add)
[2021-05-25 15:10:42,045: INFO/MainProcess] Scheduler: Sending due task add_them_now (searchingApp.tasks.add)
[2021-05-25 15:11:12,045: INFO/MainProcess] Scheduler: Sending due task add_them_now (searchingApp.tasks.add)
[2021-05-25 15:11:42,065: INFO/MainProcess] Scheduler: Sending due task add_them_now (searchingApp.tasks.add)
[2021-05-25 15:12:12,086: INFO/MainProcess] Scheduler: Sending due task add_them_now (searchingApp.tasks.add)
[2021-05-25 15:12:42,086: INFO/MainProcess] Scheduler: Sending due task add_them_now (searchingApp.tasks.add)
[2021-05-25 15:13:12,101: INFO/MainProcess] Scheduler: Sending due task add_them_now (searchingApp.tasks.add)
[2021-05-25 15:13:42,121: INFO/MainProcess] Scheduler: Sending due task add_them_now (searchingApp.tasks.add)
[2021-05-25 15:14:12,142: INFO/MainProcess] Scheduler: Sending due task add_them_now (searchingApp.tasks.add)
[2021-05-25 15:14:42,163: INFO/MainProcess] Scheduler: Sending due task add_them_now (searchingApp.tasks.add)
[2021-05-25 15:15:12,163: INFO/MainProcess] Scheduler: Sending due task add_them_now (searchingApp.tasks.add)
[2021-05-25 15:15:42,183: INFO/MainProcess] Scheduler: Sending due task add_them_now (searchingApp.tasks.add)
[2021-05-25 15:16:12,204: INFO/MainProcess] Scheduler: Sending due task add_them_now (searchingApp.tasks.add)
[2021-05-25 15:16:42,204: INFO/MainProcess] Scheduler: Sending due task add_them_now (searchingApp.tasks.add)
[2021-05-25 15:17:12,225: INFO/MainProcess] Scheduler: Sending due task add_them_now (searchingApp.tasks.add)
[2021-05-25 15:17:42,228: INFO/MainProcess] Scheduler: Sending due task add_them_now (searchingApp.tasks.add)
[2021-05-25 15:18:12,249: INFO/MainProcess] Scheduler: Sending due task add_them_now (searchingApp.tasks.add)
[2021-05-25 15:18:42,269: INFO/MainProcess] Scheduler: Sending due task add_them_now (searchingApp.tasks.add)
[2021-05-25 15:19:12,290: INFO/MainProcess] Scheduler: Sending due task add_them_now (searchingApp.tasks.add)
[2021-05-25 15:19:42,290: INFO/MainProcess] Scheduler: Sending due task add_them_now (searchingApp.tasks.add)
[2021-05-25 15:20:12,311: INFO/MainProcess] Scheduler: Sending due task add_them_now (searchingApp.tasks.add)
[2021-05-25 15:20:42,332: INFO/MainProcess] Scheduler: Sending due task add_them_now (searchingApp.tasks.add)
[2021-05-25 15:21:12,352: INFO/MainProcess] Scheduler: Sending due task add_them_now (searchingApp.tasks.add)
[2021-05-25 15:21:42,373: INFO/MainProcess] Scheduler: Sending due task add_them_now (searchingApp.tasks.add)
[2021-05-25 15:22:12,393: INFO/MainProcess] Scheduler: Sending due task add_them_now (searchingApp.tasks.add)
[2021-05-25 15:22:42,393: INFO/MainProcess] Scheduler: Sending due task add_them_now (searchingApp.tasks.add)
[2021-05-25 15:23:12,415: INFO/MainProcess] Scheduler: Sending due task add_them_now (searchingApp.tasks.add)
[2021-05-25 15:23:42,435: INFO/MainProcess] Scheduler: Sending due task add_them_now (searchingApp.tasks.add)
[2021-05-25 15:24:12,456: INFO/MainProcess] Scheduler: Sending due task add_them_now (searchingApp.tasks.add)
[2021-05-25 15:24:42,476: INFO/MainProcess] Scheduler: Sending due task add_them_now (searchingApp.tasks.add)
[2021-05-25 15:25:12,495: INFO/MainProcess] Scheduler: Sending due task add_them_now (searchingApp.tasks.add)
[2021-05-25 15:25:42,515: INFO/MainProcess] Scheduler: Sending due task add_them_now (searchingApp.tasks.add)
[2021-05-25 15:26:12,536: INFO/MainProcess] Scheduler: Sending due task add_them_now (searchingApp.tasks.add)
[2021-05-25 15:26:42,556: INFO/MainProcess] Scheduler: Sending due task add_them_now (searchingApp.tasks.add)
[2021-05-25 15:27:12,577: INFO/MainProcess] Scheduler: Sending due task add_them_now (searchingApp.tasks.add)
[2021-05-25 15:27:42,597: INFO/MainProcess] Scheduler: Sending due task add_them_now (searchingApp.tasks.add)
[2021-05-25 15:28:12,618: INFO/MainProcess] Scheduler: Sending due task add_them_now (searchingApp.tasks.add)
[2021-05-25 15:28:42,638: INFO/MainProcess] Scheduler: Sending due task add_them_now (searchingApp.tasks.add)
[2021-05-25 15:29:12,660: INFO/MainProcess] Scheduler: Sending due task add_them_now (searchingApp.tasks.add)
[2021-05-25 15:29:42,660: INFO/MainProcess] Scheduler: Sending due task add_them_now (searchingApp.tasks.add)
[2021-05-25 15:30:12,680: INFO/MainProcess] Scheduler: Sending due task add_them_now (searchingApp.tasks.add)
[2021-05-25 15:30:42,701: INFO/MainProcess] Scheduler: Sending due task add_them_now (searchingApp.tasks.add)
[2021-05-25 15:31:12,721: INFO/MainProcess] Scheduler: Sending due task add_them_now (searchingApp.tasks.add)
[2021-05-25 15:31:42,740: INFO/MainProcess] Scheduler: Sending due task add_them_now (searchingApp.tasks.add)
[2021-05-25 15:32:12,744: INFO/MainProcess] Scheduler: Sending due task add_them_now (searchingApp.tasks.add)
[2021-05-25 15:32:42,764: INFO/MainProcess] Scheduler: Sending due task add_them_now (searchingApp.tasks.add)
[2021-05-25 15:33:12,785: INFO/MainProcess] Scheduler: Sending due task add_them_now (searchingApp.tasks.add)
[2021-05-25 15:33:42,804: INFO/MainProcess] Scheduler: Sending due task add_them_now (searchingApp.tasks.add)
[2021-05-25 15:34:12,825: INFO/MainProcess] Scheduler: Sending due task add_them_now (searchingApp.tasks.add)
[2021-05-25 15:34:42,845: INFO/MainProcess] Scheduler: Sending due task add_them_now (searchingApp.tasks.add)
[2021-05-25 15:35:12,866: INFO/MainProcess] Scheduler: Sending due task add_them_now (searchingApp.tasks.add)
[2021-05-25 15:35:42,884: INFO/MainProcess] Scheduler: Sending due task add_them_now (searchingApp.tasks.add)
[2021-05-25 15:36:12,888: INFO/MainProcess] Scheduler: Sending due task add_them_now (searchingApp.tasks.add)
[2021-05-25 15:36:42,908: INFO/MainProcess] Scheduler: Sending due task add_them_now (searchingApp.tasks.add)
[2021-05-25 15:37:12,929: INFO/MainProcess] Scheduler: Sending due task add_them_now (searchingApp.tasks.add)
[2021-05-25 15:37:42,949: INFO/MainProcess] Scheduler: Sending due task add_them_now (searchingApp.tasks.add)
[2021-05-25 15:38:12,949: INFO/MainProcess] Scheduler: Sending due task add_them_now (searchingApp.tasks.add)
[2021-05-25 15:38:42,949: INFO/MainProcess] Scheduler: Sending due task add_them_now (searchingApp.tasks.add)
